<?xml version="1.0" encoding="UTF-8"?>
<!-- Generated by org.testng.reporters.JUnitReportReporter -->
<testsuite hostname="desktop-NILESH8083" failures="0" tests="2" name="TestRunner.RunnerTest" time="37.350" errors="0" timestamp="2024-08-04T23:59:56 IST" skipped="0">
  <testcase classname="TestRunner.RunnerTest" name="runScenario" time="18.942"/>
  <system-out/>
  <testcase classname="TestRunner.RunnerTest" name="runScenario" time="18.408"/>
  <system-out/>
</testsuite> <!-- TestRunner.RunnerTest -->
